d:\code\protoclient\client\protobuf-2.6.0\vsprojects\debug\vc120.pdb
d:\code\protoclient\client\protobuf-2.6.0\vsprojects\debug\vc120.idb
d:\code\protoclient\client\protobuf-2.6.0\vsprojects\debug\main.obj
d:\code\protoclient\client\protobuf-2.6.0\vsprojects\debug\code_generator.obj
d:\code\protoclient\client\protobuf-2.6.0\vsprojects\debug\command_line_interface.obj
d:\code\protoclient\client\protobuf-2.6.0\vsprojects\debug\cpp_enum.obj
d:\code\protoclient\client\protobuf-2.6.0\vsprojects\debug\cpp_enum_field.obj
d:\code\protoclient\client\protobuf-2.6.0\vsprojects\debug\cpp_extension.obj
d:\code\protoclient\client\protobuf-2.6.0\vsprojects\debug\cpp_field.obj
d:\code\protoclient\client\protobuf-2.6.0\vsprojects\debug\cpp_file.obj
d:\code\protoclient\client\protobuf-2.6.0\vsprojects\debug\cpp_generator.obj
d:\code\protoclient\client\protobuf-2.6.0\vsprojects\debug\cpp_helpers.obj
d:\code\protoclient\client\protobuf-2.6.0\vsprojects\debug\cpp_message.obj
d:\code\protoclient\client\protobuf-2.6.0\vsprojects\debug\cpp_message_field.obj
d:\code\protoclient\client\protobuf-2.6.0\vsprojects\debug\cpp_primitive_field.obj
d:\code\protoclient\client\protobuf-2.6.0\vsprojects\debug\cpp_service.obj
d:\code\protoclient\client\protobuf-2.6.0\vsprojects\debug\cpp_string_field.obj
d:\code\protoclient\client\protobuf-2.6.0\vsprojects\debug\java_context.obj
d:\code\protoclient\client\protobuf-2.6.0\vsprojects\debug\java_doc_comment.obj
d:\code\protoclient\client\protobuf-2.6.0\vsprojects\debug\java_enum.obj
d:\code\protoclient\client\protobuf-2.6.0\vsprojects\debug\java_enum_field.obj
d:\code\protoclient\client\protobuf-2.6.0\vsprojects\debug\java_extension.obj
d:\code\protoclient\client\protobuf-2.6.0\vsprojects\debug\java_field.obj
d:\code\protoclient\client\protobuf-2.6.0\vsprojects\debug\java_file.obj
d:\code\protoclient\client\protobuf-2.6.0\vsprojects\debug\java_generator.obj
d:\code\protoclient\client\protobuf-2.6.0\vsprojects\debug\java_generator_factory.obj
d:\code\protoclient\client\protobuf-2.6.0\vsprojects\debug\java_helpers.obj
d:\code\protoclient\client\protobuf-2.6.0\vsprojects\debug\java_lazy_message_field.obj
d:\code\protoclient\client\protobuf-2.6.0\vsprojects\debug\java_message.obj
d:\code\protoclient\client\protobuf-2.6.0\vsprojects\debug\java_message_field.obj
d:\code\protoclient\client\protobuf-2.6.0\vsprojects\debug\java_name_resolver.obj
d:\code\protoclient\client\protobuf-2.6.0\vsprojects\debug\java_primitive_field.obj
d:\code\protoclient\client\protobuf-2.6.0\vsprojects\debug\java_service.obj
d:\code\protoclient\client\protobuf-2.6.0\vsprojects\debug\java_shared_code_generator.obj
d:\code\protoclient\client\protobuf-2.6.0\vsprojects\debug\java_string_field.obj
d:\code\protoclient\client\protobuf-2.6.0\vsprojects\debug\plugin.obj
d:\code\protoclient\client\protobuf-2.6.0\vsprojects\debug\plugin.pb.obj
d:\code\protoclient\client\protobuf-2.6.0\vsprojects\debug\python_generator.obj
d:\code\protoclient\client\protobuf-2.6.0\vsprojects\debug\subprocess.obj
d:\code\protoclient\client\protobuf-2.6.0\vsprojects\debug\zip_writer.obj
d:\code\protoclient\client\protobuf-2.6.0\vsprojects\debug\protoc.tlog\cl.command.1.tlog
d:\code\protoclient\client\protobuf-2.6.0\vsprojects\debug\protoc.tlog\cl.read.1.tlog
d:\code\protoclient\client\protobuf-2.6.0\vsprojects\debug\protoc.tlog\cl.write.1.tlog
d:\code\protoclient\client\protobuf-2.6.0\vsprojects\debug\protoc.tlog\link-cvtres.read.1.tlog
d:\code\protoclient\client\protobuf-2.6.0\vsprojects\debug\protoc.tlog\link-cvtres.write.1.tlog
d:\code\protoclient\client\protobuf-2.6.0\vsprojects\debug\protoc.tlog\link-rc.read.1.tlog
d:\code\protoclient\client\protobuf-2.6.0\vsprojects\debug\protoc.tlog\link-rc.write.1.tlog
d:\code\protoclient\client\protobuf-2.6.0\vsprojects\debug\protoc.tlog\link.command.1.tlog
d:\code\protoclient\client\protobuf-2.6.0\vsprojects\debug\protoc.tlog\link.read.1.tlog
d:\code\protoclient\client\protobuf-2.6.0\vsprojects\debug\protoc.tlog\link.write.1.tlog
